<!DOCTYPE html PUBLIC "-//W3C//DTD XHTML 1.1//EN" "http://www.w3.org/TR/xhtml11/DTD/xhtml11.dtd">
<html xmlns="http://www.w3.org/1999/xhtml"><head><title>TestNG Report</title><style type="text/css">table {margin-bottom:10px;border-collapse:collapse;empty-cells:show}th,td {border:1px solid #009;padding:.25em .5em}th {vertical-align:bottom}td {vertical-align:top}table a {font-weight:bold}.stripe td {background-color: #E6EBF9}.num {text-align:right}.passedodd td {background-color: #3F3}.passedeven td {background-color: #0A0}.skippedodd td {background-color: #DDD}.skippedeven td {background-color: #CCC}.failedodd td,.attn {background-color: #F33}.failedeven td,.stripe .attn {background-color: #D00}.stacktrace {white-space:pre;font-family:monospace}.totop {font-size:85%;text-align:center;border-bottom:2px solid #000}</style></head><body><table><tr><th>Test</th><th># Passed</th><th># Skipped</th><th># Failed</th><th>Time (ms)</th><th>Included Groups</th><th>Excluded Groups</th></tr><tr><th colspan="7">Suite B</th></tr><tr><td><a href="#t0">Test B1</a></td><td class="num">0</td><td class="num attn">3</td><td class="num">0</td><td class="num">190</td><td></td><td></td></tr><tr class="stripe"><td><a href="#t1">Test B2</a></td><td class="num">0</td><td class="num attn">2</td><td class="num">0</td><td class="num">178</td><td></td><td></td></tr><tr><td><a href="#t2">Test B3</a></td><td class="num">0</td><td class="num attn">2</td><td class="num">0</td><td class="num">130</td><td></td><td></td></tr><tr><th colspan="7">Suite A</th></tr><tr class="stripe"><td><a href="#t3">Test A1</a></td><td class="num">3</td><td class="num">0</td><td class="num attn">1</td><td class="num">76,858</td><td></td><td></td></tr><tr><td><a href="#t4">Test A2</a></td><td class="num">0</td><td class="num attn">3</td><td class="num">0</td><td class="num">210</td><td></td><td></td></tr><tr class="stripe"><td><a href="#t5">Test A3</a></td><td class="num">0</td><td class="num attn">1</td><td class="num">0</td><td class="num">100</td><td></td><td></td></tr><tr><th colspan="7">My suite</th></tr><tr><th>Total</th><th class="num">3</th><th class="num attn">11</th><th class="num attn">1</th><th class="num">77,666</th><th colspan="2"></th></tr></table><table><thead><tr><th>Class</th><th>Method</th><th>Start</th><th>Time (ms)</th></tr></thead><tbody><tr><th colspan="4">Suite B</th></tr></tbody><tbody id="t0"><tr><th colspan="4">Test B1 &#8212; skipped</th></tr><tr class="skippedeven"><td rowspan="3">com.qtpselenium.framework.suiteB.TestB1</td><td><a href="#m0">testB1</a></td><td rowspan="3">1425438595682</td><td rowspan="3">30</td></tr><tr class="skippedeven"><td><a href="#m1">testB1</a></td></tr><tr class="skippedeven"><td><a href="#m2">testB1</a></td></tr></tbody><tbody id="t1"><tr><th colspan="4">Test B2 &#8212; skipped</th></tr><tr class="skippedeven"><td rowspan="2">com.qtpselenium.framework.suiteB.TestB2</td><td><a href="#m3">testB2</a></td><td rowspan="2">1425438595866</td><td rowspan="2">40</td></tr><tr class="skippedeven"><td><a href="#m4">testB2</a></td></tr></tbody><tbody id="t2"><tr><th colspan="4">Test B3 &#8212; skipped</th></tr><tr class="skippedeven"><td rowspan="2">com.qtpselenium.framework.suiteB.TestB3</td><td><a href="#m5">testB3</a></td><td rowspan="2">1425438595936</td><td rowspan="2">60</td></tr><tr class="skippedeven"><td><a href="#m6">testB3</a></td></tr></tbody><tbody><tr><th colspan="4">Suite A</th></tr></tbody><tbody id="t3"><tr><th colspan="4">Test A1 &#8212; failed</th></tr><tr class="failedeven"><td rowspan="1">com.qtpselenium.framework.suiteA.TestA1</td><td><a href="#m7">testA1</a></td><td rowspan="1">1425438577890</td><td rowspan="1">17083</td></tr><tr><th colspan="4">Test A1 &#8212; passed</th></tr><tr class="passedeven"><td rowspan="3">com.qtpselenium.framework.suiteA.TestA1</td><td><a href="#m8">testA1</a></td><td rowspan="3">1425438551788</td><td rowspan="3">26102</td></tr><tr class="passedeven"><td><a href="#m9">testA1</a></td></tr><tr class="passedeven"><td><a href="#m10">testA1</a></td></tr></tbody><tbody id="t4"><tr><th colspan="4">Test A2 &#8212; skipped</th></tr><tr class="skippedeven"><td rowspan="3">com.qtpselenium.framework.suiteA.TestA2</td><td><a href="#m11">testA2</a></td><td rowspan="3">1425438595342</td><td rowspan="3">40</td></tr><tr class="skippedeven"><td><a href="#m12">testA2</a></td></tr><tr class="skippedeven"><td><a href="#m13">testA2</a></td></tr></tbody><tbody id="t5"><tr><th colspan="4">Test A3 &#8212; skipped</th></tr><tr class="skippedeven"><td rowspan="1">com.qtpselenium.framework.suiteA.TestA3</td><td><a href="#m14">testA3</a></td><td rowspan="1">1425438595492</td><td rowspan="1">40</td></tr></tbody><tbody><tr><th colspan="4">My suite</th></tr></tbody></table><h2>Test B1</h2><h3 id="m0">com.qtpselenium.framework.suiteB.TestB1#testB1</h3><table class="result"><tr class="param"><th>Parameter #1</th></tr><tr class="param stripe"><td>{Date=D32, Price=, Runmode=N, Iteration=3, Quantity=D33, StockName=D31, Browser=Chrome}</td></tr><tr><th>Exception</th></tr><tr><td><div class="stacktrace">org.testng.SkipException: Skipping the test TestB1 as runmode of suite was NO
	at com.qtpselenium.framework.util.Utility.validateTestExecution(Utility.java:106)
	at com.qtpselenium.framework.suiteB.TestB1.testB1(TestB1.java:17)
... Removed 25 stack frames</div></td></tr></table><p class="totop"><a href="#summary">back to summary</a></p><h3 id="m1">com.qtpselenium.framework.suiteB.TestB1#testB1</h3><table class="result"><tr class="param"><th>Parameter #1</th></tr><tr class="param stripe"><td>{Date=D22, Price=, Runmode=N, Iteration=2, Quantity=D23, StockName=D21, Browser=Chrome}</td></tr><tr><th>Exception</th></tr><tr><td><div class="stacktrace">org.testng.SkipException: Skipping the test TestB1 as runmode of suite was NO
	at com.qtpselenium.framework.util.Utility.validateTestExecution(Utility.java:106)
	at com.qtpselenium.framework.suiteB.TestB1.testB1(TestB1.java:17)
... Removed 25 stack frames</div></td></tr></table><p class="totop"><a href="#summary">back to summary</a></p><h3 id="m2">com.qtpselenium.framework.suiteB.TestB1#testB1</h3><table class="result"><tr class="param"><th>Parameter #1</th></tr><tr class="param stripe"><td>{Date=24/04/2014, Price=100, Runmode=Y, Iteration=1, Quantity=300, StockName=Tata Motors Ltd., Browser=Mozilla}</td></tr><tr><th>Exception</th></tr><tr><td><div class="stacktrace">org.testng.SkipException: Skipping the test TestB1 as runmode of suite was NO
	at com.qtpselenium.framework.util.Utility.validateTestExecution(Utility.java:106)
	at com.qtpselenium.framework.suiteB.TestB1.testB1(TestB1.java:17)
... Removed 25 stack frames</div></td></tr></table><p class="totop"><a href="#summary">back to summary</a></p><h2>Test B2</h2><h3 id="m3">com.qtpselenium.framework.suiteB.TestB2#testB2</h3><table class="result"><tr class="param"><th>Parameter #1</th></tr><tr class="param stripe"><td>{Col2=X22, Col1=X21, Runmode=Y, Iteration=2}</td></tr><tr><th>Exception</th></tr><tr><td><div class="stacktrace">org.testng.SkipException: Skipping the test TestB2 as runmode of suite was NO
	at com.qtpselenium.framework.util.Utility.validateTestExecution(Utility.java:106)
	at com.qtpselenium.framework.suiteB.TestB2.testB2(TestB2.java:17)
... Removed 25 stack frames</div></td></tr></table><p class="totop"><a href="#summary">back to summary</a></p><h3 id="m4">com.qtpselenium.framework.suiteB.TestB2#testB2</h3><table class="result"><tr class="param"><th>Parameter #1</th></tr><tr class="param stripe"><td>{Col2=X12, Col1=X11, Runmode=Y, Iteration=1}</td></tr><tr><th>Exception</th></tr><tr><td><div class="stacktrace">org.testng.SkipException: Skipping the test TestB2 as runmode of suite was NO
	at com.qtpselenium.framework.util.Utility.validateTestExecution(Utility.java:106)
	at com.qtpselenium.framework.suiteB.TestB2.testB2(TestB2.java:17)
... Removed 25 stack frames</div></td></tr></table><p class="totop"><a href="#summary">back to summary</a></p><h2>Test B3</h2><h3 id="m5">com.qtpselenium.framework.suiteB.TestB3#testB3</h3><table class="result"><tr class="param"><th>Parameter #1</th></tr><tr class="param stripe"><td>{Col4=Z14, Col3=Z13, Col2=Z12, Col1=Z11, Runmode=Y, Iteration=1}</td></tr><tr><th>Exception</th></tr><tr><td><div class="stacktrace">org.testng.SkipException: Skipping the test TestB3 as runmode of suite was NO
	at com.qtpselenium.framework.util.Utility.validateTestExecution(Utility.java:106)
	at com.qtpselenium.framework.suiteB.TestB3.testB3(TestB3.java:17)
... Removed 25 stack frames</div></td></tr></table><p class="totop"><a href="#summary">back to summary</a></p><h3 id="m6">com.qtpselenium.framework.suiteB.TestB3#testB3</h3><table class="result"><tr class="param"><th>Parameter #1</th></tr><tr class="param stripe"><td>{Col4=Z24, Col3=Z23, Col2=Z22, Col1=Z21, Runmode=Y, Iteration=2}</td></tr><tr><th>Exception</th></tr><tr><td><div class="stacktrace">org.testng.SkipException: Skipping the test TestB3 as runmode of suite was NO
	at com.qtpselenium.framework.util.Utility.validateTestExecution(Utility.java:106)
	at com.qtpselenium.framework.suiteB.TestB3.testB3(TestB3.java:17)
... Removed 25 stack frames</div></td></tr></table><p class="totop"><a href="#summary">back to summary</a></p><h2>Test A1</h2><h3 id="m7">com.qtpselenium.framework.suiteA.TestA1#testA1</h3><table class="result"><tr class="param"><th>Parameter #1</th></tr><tr class="param stripe"><td>{Case=CASE_OK, PortFolioName=D38, Runmode=Y, Iteration=3, Browser=Mozilla}</td></tr><tr><th>Exception</th></tr><tr><td><div class="stacktrace">java.lang.AssertionError: FAIL - Not able to Login with Deault Username/password 
	at com.qtpselenium.framework.util.Keywords.reportFailureAndStop(Keywords.java:277)
	at com.qtpselenium.framework.util.Keywords.loginIfNotLoggedIn(Keywords.java:237)
	at com.qtpselenium.framework.util.Keywords.executeKeywords(Keywords.java:82)
	at com.qtpselenium.framework.suiteA.TestA1.testA1(TestA1.java:27)
... Removed 26 stack frames</div></td></tr></table><p class="totop"><a href="#summary">back to summary</a></p><h3 id="m8">com.qtpselenium.framework.suiteA.TestA1#testA1</h3><table class="result"><tr class="param"><th>Parameter #1</th></tr><tr class="param stripe"><td>{Case=CASE DUPLICATE_NAME-ERR, PortFolioName=Iter2, Runmode=Y, Iteration=2, Browser=Chrome}</td></tr></table><p class="totop"><a href="#summary">back to summary</a></p><h3 id="m9">com.qtpselenium.framework.suiteA.TestA1#testA1</h3><table class="result"><tr class="param"><th>Parameter #1</th></tr><tr class="param stripe"><td>{Case=CASE_OK, PortFolioName=PortA6, Runmode=Y, Iteration=1, Browser=Mozilla}</td></tr></table><p class="totop"><a href="#summary">back to summary</a></p><h3 id="m10">com.qtpselenium.framework.suiteA.TestA1#testA1</h3><table class="result"><tr class="param"><th>Parameter #1</th></tr><tr class="param stripe"><td>{Case=CASE_OK, PortFolioName=xx, Runmode=Y, Iteration=4, Browser=Chrome}</td></tr></table><p class="totop"><a href="#summary">back to summary</a></p><h2>Test A2</h2><h3 id="m11">com.qtpselenium.framework.suiteA.TestA2#testA2</h3><table class="result"><tr class="param"><th>Parameter #1</th></tr><tr class="param stripe"><td>{PortFolioName=Iter2, Runmode=Y, Iteration=2, NewPortFolioName=Iter22, Browser=Chrome}</td></tr><tr><th>Exception</th></tr><tr><td><div class="stacktrace">org.testng.SkipException: Skipping the test TestA2 as runmode of test was NO
	at com.qtpselenium.framework.util.Utility.validateTestExecution(Utility.java:110)
	at com.qtpselenium.framework.suiteA.TestA2.testA2(TestA2.java:18)
... Removed 25 stack frames</div></td></tr></table><p class="totop"><a href="#summary">back to summary</a></p><h3 id="m12">com.qtpselenium.framework.suiteA.TestA2#testA2</h3><table class="result"><tr class="param"><th>Parameter #1</th></tr><tr class="param stripe"><td>{PortFolioName=PortA6, Runmode=Y, Iteration=1, NewPortFolioName=PortA7, Browser=Mozilla}</td></tr><tr><th>Exception</th></tr><tr><td><div class="stacktrace">org.testng.SkipException: Skipping the test TestA2 as runmode of test was NO
	at com.qtpselenium.framework.util.Utility.validateTestExecution(Utility.java:110)
	at com.qtpselenium.framework.suiteA.TestA2.testA2(TestA2.java:18)
... Removed 25 stack frames</div></td></tr></table><p class="totop"><a href="#summary">back to summary</a></p><h3 id="m13">com.qtpselenium.framework.suiteA.TestA2#testA2</h3><table class="result"><tr class="param"><th>Parameter #1</th></tr><tr class="param stripe"><td>{PortFolioName=Iter2, Runmode=N, Iteration=3, NewPortFolioName=Iter22, Browser=Chrome}</td></tr><tr><th>Exception</th></tr><tr><td><div class="stacktrace">org.testng.SkipException: Skipping the test TestA2 as runmode of test was NO
	at com.qtpselenium.framework.util.Utility.validateTestExecution(Utility.java:110)
	at com.qtpselenium.framework.suiteA.TestA2.testA2(TestA2.java:18)
... Removed 25 stack frames</div></td></tr></table><p class="totop"><a href="#summary">back to summary</a></p><h2>Test A3</h2><h3 id="m14">com.qtpselenium.framework.suiteA.TestA3#testA3</h3><table class="result"><tr class="param"><th>Parameter #1</th></tr><tr class="param stripe"><td>{PortFolioName=PortA7, Runmode=Y, Iteration=1, DependentTests=TestA2-1, Browser=Mozilla}</td></tr><tr><th>Exception</th></tr><tr><td><div class="stacktrace">org.testng.SkipException: Skipping the test TestA3 as runmode of test was NO
	at com.qtpselenium.framework.util.Utility.validateTestExecution(Utility.java:110)
	at com.qtpselenium.framework.suiteA.TestA3.testA3(TestA3.java:17)
... Removed 25 stack frames</div></td></tr></table><p class="totop"><a href="#summary">back to summary</a></p></body></html>