<?xml version="1.0" encoding="UTF-8"?>
<testng-results skipped="8" failed="0" total="10" passed="2">
  <reporter-output>
  </reporter-output>
  <suite name="Suite B" duration-ms="273" started-at="2015-03-13T03:19:24Z" finished-at="2015-03-13T03:19:24Z">
    <groups>
    </groups>
    <test name="Add Portfolio New stock" duration-ms="122" started-at="2015-03-13T03:19:24Z" finished-at="2015-03-13T03:19:24Z">
      <class name="com.qtpselenium.framework.suiteB.AddPortFolioNewStockTest">
        <test-method status="SKIP" signature="addPortFolioNewStockTest(java.util.Hashtable)[pri:0, instance:com.qtpselenium.framework.suiteB.AddPortFolioNewStockTest@43a25848]" name="addPortFolioNewStockTest" duration-ms="70" started-at="2015-03-13T08:49:24Z" data-provider="getDataForSuiteB" finished-at="2015-03-13T08:49:24Z">
          <params>
            <param index="0">
              <value>
                <![CDATA[{Date=24/04/2014, Price=100, PortFolioName=Ashish, Runmode=Y, Iteration=2, Quantity=300, StockName=Indian Oil Corporation Ltd., Browser=Chrome}]]>
              </value>
            </param>
          </params>
          <exception class="org.testng.SkipException">
            <message>
              <![CDATA[Skipping the test addPortFolioNewStockTest as runmode of suite was NO]]>
            </message>
            <full-stacktrace>
              <![CDATA[org.testng.SkipException: Skipping the test addPortFolioNewStockTest as runmode of suite was NO
	at com.qtpselenium.framework.util.Utility.validateTestExecution(Utility.java:106)
	at com.qtpselenium.framework.suiteB.AddPortFolioNewStockTest.addPortFolioNewStockTest(AddPortFolioNewStockTest.java:20)
	at sun.reflect.NativeMethodAccessorImpl.invoke0(Native Method)
	at sun.reflect.NativeMethodAccessorImpl.invoke(Unknown Source)
	at sun.reflect.DelegatingMethodAccessorImpl.invoke(Unknown Source)
	at java.lang.reflect.Method.invoke(Unknown Source)
	at org.testng.internal.MethodInvocationHelper.invokeMethod(MethodInvocationHelper.java:84)
	at org.testng.internal.Invoker.invokeMethod(Invoker.java:714)
	at org.testng.internal.Invoker.invokeTestMethod(Invoker.java:901)
	at org.testng.internal.TestMethodWithDataProviderMethodWorker.call(TestMethodWithDataProviderMethodWorker.java:73)
	at org.testng.internal.TestMethodWithDataProviderMethodWorker.call(TestMethodWithDataProviderMethodWorker.java:14)
	at java.util.concurrent.FutureTask.run(Unknown Source)
	at java.util.concurrent.Executors$RunnableAdapter.call(Unknown Source)
	at java.util.concurrent.FutureTask.run(Unknown Source)
	at java.util.concurrent.ThreadPoolExecutor.runWorker(Unknown Source)
	at java.util.concurrent.ThreadPoolExecutor$Worker.run(Unknown Source)
	at java.lang.Thread.run(Unknown Source)
]]>
            </full-stacktrace>
          </exception> <!-- org.testng.SkipException -->
          <reporter-output>
          </reporter-output>
        </test-method> <!-- addPortFolioNewStockTest -->
        <test-method status="SKIP" signature="addPortFolioNewStockTest(java.util.Hashtable)[pri:0, instance:com.qtpselenium.framework.suiteB.AddPortFolioNewStockTest@43a25848]" name="addPortFolioNewStockTest" duration-ms="72" started-at="2015-03-13T08:49:24Z" data-provider="getDataForSuiteB" finished-at="2015-03-13T08:49:24Z">
          <params>
            <param index="0">
              <value>
                <![CDATA[{Date=24/04/2014, Price=100, PortFolioName=Ashish, Runmode=Y, Iteration=1, Quantity=300, StockName=Tata Motors Ltd., Browser=Mozilla}]]>
              </value>
            </param>
          </params>
          <exception class="org.testng.SkipException">
            <message>
              <![CDATA[Skipping the test addPortFolioNewStockTest as runmode of suite was NO]]>
            </message>
            <full-stacktrace>
              <![CDATA[org.testng.SkipException: Skipping the test addPortFolioNewStockTest as runmode of suite was NO
	at com.qtpselenium.framework.util.Utility.validateTestExecution(Utility.java:106)
	at com.qtpselenium.framework.suiteB.AddPortFolioNewStockTest.addPortFolioNewStockTest(AddPortFolioNewStockTest.java:20)
	at sun.reflect.NativeMethodAccessorImpl.invoke0(Native Method)
	at sun.reflect.NativeMethodAccessorImpl.invoke(Unknown Source)
	at sun.reflect.DelegatingMethodAccessorImpl.invoke(Unknown Source)
	at java.lang.reflect.Method.invoke(Unknown Source)
	at org.testng.internal.MethodInvocationHelper.invokeMethod(MethodInvocationHelper.java:84)
	at org.testng.internal.Invoker.invokeMethod(Invoker.java:714)
	at org.testng.internal.Invoker.invokeTestMethod(Invoker.java:901)
	at org.testng.internal.TestMethodWithDataProviderMethodWorker.call(TestMethodWithDataProviderMethodWorker.java:73)
	at org.testng.internal.TestMethodWithDataProviderMethodWorker.call(TestMethodWithDataProviderMethodWorker.java:14)
	at java.util.concurrent.FutureTask.run(Unknown Source)
	at java.util.concurrent.Executors$RunnableAdapter.call(Unknown Source)
	at java.util.concurrent.FutureTask.run(Unknown Source)
	at java.util.concurrent.ThreadPoolExecutor.runWorker(Unknown Source)
	at java.util.concurrent.ThreadPoolExecutor$Worker.run(Unknown Source)
	at java.lang.Thread.run(Unknown Source)
]]>
            </full-stacktrace>
          </exception> <!-- org.testng.SkipException -->
          <reporter-output>
          </reporter-output>
        </test-method> <!-- addPortFolioNewStockTest -->
      </class> <!-- com.qtpselenium.framework.suiteB.AddPortFolioNewStockTest -->
    </test> <!-- Add Portfolio New stock -->
    <test name="Modify Existing Stock" duration-ms="151" started-at="2015-03-13T03:19:24Z" finished-at="2015-03-13T03:19:24Z">
      <class name="com.qtpselenium.framework.suiteB.ModifyPortFolioStockTest">
        <test-method status="SKIP" signature="modifyPortFolioStockTest(java.util.Hashtable)[pri:0, instance:com.qtpselenium.framework.suiteB.ModifyPortFolioStockTest@b684286]" name="modifyPortFolioStockTest" duration-ms="50" started-at="2015-03-13T08:49:24Z" data-provider="getDataForSuiteB" finished-at="2015-03-13T08:49:24Z">
          <params>
            <param index="0">
              <value>
                <![CDATA[{Quantity=10, PortFolioName=test, Price=100, Action=Sell, Runmode=Y, Iteration=2, Date=24/04/2014, StockName=ICICI Ltd., Browser=Chrome}]]>
              </value>
            </param>
          </params>
          <exception class="org.testng.SkipException">
            <message>
              <![CDATA[Skipping the test modifyPortFolioStockTest as runmode of suite was NO]]>
            </message>
            <full-stacktrace>
              <![CDATA[org.testng.SkipException: Skipping the test modifyPortFolioStockTest as runmode of suite was NO
	at com.qtpselenium.framework.util.Utility.validateTestExecution(Utility.java:106)
	at com.qtpselenium.framework.suiteB.ModifyPortFolioStockTest.modifyPortFolioStockTest(ModifyPortFolioStockTest.java:20)
	at sun.reflect.NativeMethodAccessorImpl.invoke0(Native Method)
	at sun.reflect.NativeMethodAccessorImpl.invoke(Unknown Source)
	at sun.reflect.DelegatingMethodAccessorImpl.invoke(Unknown Source)
	at java.lang.reflect.Method.invoke(Unknown Source)
	at org.testng.internal.MethodInvocationHelper.invokeMethod(MethodInvocationHelper.java:84)
	at org.testng.internal.Invoker.invokeMethod(Invoker.java:714)
	at org.testng.internal.Invoker.invokeTestMethod(Invoker.java:901)
	at org.testng.internal.TestMethodWithDataProviderMethodWorker.call(TestMethodWithDataProviderMethodWorker.java:73)
	at org.testng.internal.TestMethodWithDataProviderMethodWorker.call(TestMethodWithDataProviderMethodWorker.java:14)
	at java.util.concurrent.FutureTask.run(Unknown Source)
	at java.util.concurrent.Executors$RunnableAdapter.call(Unknown Source)
	at java.util.concurrent.FutureTask.run(Unknown Source)
	at java.util.concurrent.ThreadPoolExecutor.runWorker(Unknown Source)
	at java.util.concurrent.ThreadPoolExecutor$Worker.run(Unknown Source)
	at java.lang.Thread.run(Unknown Source)
]]>
            </full-stacktrace>
          </exception> <!-- org.testng.SkipException -->
          <reporter-output>
          </reporter-output>
        </test-method> <!-- modifyPortFolioStockTest -->
        <test-method status="SKIP" signature="modifyPortFolioStockTest(java.util.Hashtable)[pri:0, instance:com.qtpselenium.framework.suiteB.ModifyPortFolioStockTest@b684286]" name="modifyPortFolioStockTest" duration-ms="71" started-at="2015-03-13T08:49:24Z" data-provider="getDataForSuiteB" finished-at="2015-03-13T08:49:24Z">
          <params>
            <param index="0">
              <value>
                <![CDATA[{Quantity=10, PortFolioName=test, Price=110, Action=Sell, Runmode=Y, Iteration=1, Date=24/04/2014, StockName=DLF Ltd., Browser=Mozilla}]]>
              </value>
            </param>
          </params>
          <exception class="org.testng.SkipException">
            <message>
              <![CDATA[Skipping the test modifyPortFolioStockTest as runmode of suite was NO]]>
            </message>
            <full-stacktrace>
              <![CDATA[org.testng.SkipException: Skipping the test modifyPortFolioStockTest as runmode of suite was NO
	at com.qtpselenium.framework.util.Utility.validateTestExecution(Utility.java:106)
	at com.qtpselenium.framework.suiteB.ModifyPortFolioStockTest.modifyPortFolioStockTest(ModifyPortFolioStockTest.java:20)
	at sun.reflect.NativeMethodAccessorImpl.invoke0(Native Method)
	at sun.reflect.NativeMethodAccessorImpl.invoke(Unknown Source)
	at sun.reflect.DelegatingMethodAccessorImpl.invoke(Unknown Source)
	at java.lang.reflect.Method.invoke(Unknown Source)
	at org.testng.internal.MethodInvocationHelper.invokeMethod(MethodInvocationHelper.java:84)
	at org.testng.internal.Invoker.invokeMethod(Invoker.java:714)
	at org.testng.internal.Invoker.invokeTestMethod(Invoker.java:901)
	at org.testng.internal.TestMethodWithDataProviderMethodWorker.call(TestMethodWithDataProviderMethodWorker.java:73)
	at org.testng.internal.TestMethodWithDataProviderMethodWorker.call(TestMethodWithDataProviderMethodWorker.java:14)
	at java.util.concurrent.FutureTask.run(Unknown Source)
	at java.util.concurrent.Executors$RunnableAdapter.call(Unknown Source)
	at java.util.concurrent.FutureTask.run(Unknown Source)
	at java.util.concurrent.ThreadPoolExecutor.runWorker(Unknown Source)
	at java.util.concurrent.ThreadPoolExecutor$Worker.run(Unknown Source)
	at java.lang.Thread.run(Unknown Source)
]]>
            </full-stacktrace>
          </exception> <!-- org.testng.SkipException -->
          <reporter-output>
          </reporter-output>
        </test-method> <!-- modifyPortFolioStockTest -->
      </class> <!-- com.qtpselenium.framework.suiteB.ModifyPortFolioStockTest -->
    </test> <!-- Modify Existing Stock -->
  </suite> <!-- Suite B -->
  <suite name="Suite A" duration-ms="1015" started-at="2015-03-13T03:19:23Z" finished-at="2015-03-13T03:19:24Z">
    <groups>
    </groups>
    <test name="PortFolio Test" duration-ms="1015" started-at="2015-03-13T03:19:23Z" finished-at="2015-03-13T03:19:24Z">
      <class name="com.qtpselenium.framework.suiteA.PortFolioTest">
        <test-method status="PASS" signature="createPortFolioTest(java.util.Hashtable)[pri:0, instance:com.qtpselenium.framework.suiteA.PortFolioTest@23223dd8]" name="createPortFolioTest" duration-ms="172" started-at="2015-03-13T08:49:23Z" data-provider="getDataForSuiteA" finished-at="2015-03-13T08:49:24Z">
          <params>
            <param index="0">
              <value>
                <![CDATA[{Case=CASE_INVALID_NAME, PortFolioName=Port2, Runmode=Y, Iteration=2, Browser=Chrome}]]>
              </value>
            </param>
          </params>
          <reporter-output>
          </reporter-output>
        </test-method> <!-- createPortFolioTest -->
        <test-method status="PASS" signature="createPortFolioTest(java.util.Hashtable)[pri:0, instance:com.qtpselenium.framework.suiteA.PortFolioTest@23223dd8]" name="createPortFolioTest" duration-ms="162" started-at="2015-03-13T08:49:23Z" data-provider="getDataForSuiteA" finished-at="2015-03-13T08:49:24Z">
          <params>
            <param index="0">
              <value>
                <![CDATA[{Case=CASE DUPLICATE_NAME, PortFolioName=Port1, Runmode=Y, Iteration=1, Browser=Mozilla}]]>
              </value>
            </param>
          </params>
          <reporter-output>
          </reporter-output>
        </test-method> <!-- createPortFolioTest -->
        <test-method status="SKIP" signature="renamePortFolioTest(java.util.Hashtable)[pri:0, instance:com.qtpselenium.framework.suiteA.PortFolioTest@23223dd8]" name="renamePortFolioTest" duration-ms="123" started-at="2015-03-13T08:49:24Z" data-provider="getDataForSuiteA" finished-at="2015-03-13T08:49:24Z">
          <params>
            <param index="0">
              <value>
                <![CDATA[{Case=CASE_OK, PortFolioName=Port1, Runmode=Y, Iteration=1, NewPortFolioName=Port10, Browser=Mozilla}]]>
              </value>
            </param>
          </params>
          <exception class="org.testng.SkipException">
            <message>
              <![CDATA[Skipping the test renamePortFolioTest as runmode of test was NO]]>
            </message>
            <full-stacktrace>
              <![CDATA[org.testng.SkipException: Skipping the test renamePortFolioTest as runmode of test was NO
	at com.qtpselenium.framework.util.Utility.validateTestExecution(Utility.java:110)
	at com.qtpselenium.framework.suiteA.PortFolioTest.renamePortFolioTest(PortFolioTest.java:39)
	at sun.reflect.NativeMethodAccessorImpl.invoke0(Native Method)
	at sun.reflect.NativeMethodAccessorImpl.invoke(Unknown Source)
	at sun.reflect.DelegatingMethodAccessorImpl.invoke(Unknown Source)
	at java.lang.reflect.Method.invoke(Unknown Source)
	at org.testng.internal.MethodInvocationHelper.invokeMethod(MethodInvocationHelper.java:84)
	at org.testng.internal.Invoker.invokeMethod(Invoker.java:714)
	at org.testng.internal.Invoker.invokeTestMethod(Invoker.java:901)
	at org.testng.internal.TestMethodWithDataProviderMethodWorker.call(TestMethodWithDataProviderMethodWorker.java:73)
	at org.testng.internal.TestMethodWithDataProviderMethodWorker.call(TestMethodWithDataProviderMethodWorker.java:14)
	at java.util.concurrent.FutureTask.run(Unknown Source)
	at java.util.concurrent.Executors$RunnableAdapter.call(Unknown Source)
	at java.util.concurrent.FutureTask.run(Unknown Source)
	at java.util.concurrent.ThreadPoolExecutor.runWorker(Unknown Source)
	at java.util.concurrent.ThreadPoolExecutor$Worker.run(Unknown Source)
	at java.lang.Thread.run(Unknown Source)
]]>
            </full-stacktrace>
          </exception> <!-- org.testng.SkipException -->
          <reporter-output>
          </reporter-output>
        </test-method> <!-- renamePortFolioTest -->
        <test-method status="SKIP" signature="renamePortFolioTest(java.util.Hashtable)[pri:0, instance:com.qtpselenium.framework.suiteA.PortFolioTest@23223dd8]" name="renamePortFolioTest" duration-ms="73" started-at="2015-03-13T08:49:24Z" data-provider="getDataForSuiteA" finished-at="2015-03-13T08:49:24Z">
          <params>
            <param index="0">
              <value>
                <![CDATA[{Case=CASE_OK, PortFolioName=Port2, Runmode=Y, Iteration=2, NewPortFolioName=Port20, Browser=Chrome}]]>
              </value>
            </param>
          </params>
          <exception class="org.testng.SkipException">
            <message>
              <![CDATA[Skipping the test renamePortFolioTest as runmode of test was NO]]>
            </message>
            <full-stacktrace>
              <![CDATA[org.testng.SkipException: Skipping the test renamePortFolioTest as runmode of test was NO
	at com.qtpselenium.framework.util.Utility.validateTestExecution(Utility.java:110)
	at com.qtpselenium.framework.suiteA.PortFolioTest.renamePortFolioTest(PortFolioTest.java:39)
	at sun.reflect.NativeMethodAccessorImpl.invoke0(Native Method)
	at sun.reflect.NativeMethodAccessorImpl.invoke(Unknown Source)
	at sun.reflect.DelegatingMethodAccessorImpl.invoke(Unknown Source)
	at java.lang.reflect.Method.invoke(Unknown Source)
	at org.testng.internal.MethodInvocationHelper.invokeMethod(MethodInvocationHelper.java:84)
	at org.testng.internal.Invoker.invokeMethod(Invoker.java:714)
	at org.testng.internal.Invoker.invokeTestMethod(Invoker.java:901)
	at org.testng.internal.TestMethodWithDataProviderMethodWorker.call(TestMethodWithDataProviderMethodWorker.java:73)
	at org.testng.internal.TestMethodWithDataProviderMethodWorker.call(TestMethodWithDataProviderMethodWorker.java:14)
	at java.util.concurrent.FutureTask.run(Unknown Source)
	at java.util.concurrent.Executors$RunnableAdapter.call(Unknown Source)
	at java.util.concurrent.FutureTask.run(Unknown Source)
	at java.util.concurrent.ThreadPoolExecutor.runWorker(Unknown Source)
	at java.util.concurrent.ThreadPoolExecutor$Worker.run(Unknown Source)
	at java.lang.Thread.run(Unknown Source)
]]>
            </full-stacktrace>
          </exception> <!-- org.testng.SkipException -->
          <reporter-output>
          </reporter-output>
        </test-method> <!-- renamePortFolioTest -->
        <test-method status="SKIP" signature="deletePortFolioTest(java.util.Hashtable)[pri:0, instance:com.qtpselenium.framework.suiteA.PortFolioTest@23223dd8]" name="deletePortFolioTest" duration-ms="80" started-at="2015-03-13T08:49:24Z" data-provider="getDataForSuiteA" finished-at="2015-03-13T08:49:24Z">
          <params>
            <param index="0">
              <value>
                <![CDATA[{PortFolioName=Port10, Runmode=Y, Iteration=1, Browser=Mozilla}]]>
              </value>
            </param>
          </params>
          <exception class="org.testng.SkipException">
            <message>
              <![CDATA[Skipping the test deletePortFolioTest as runmode of test was NO]]>
            </message>
            <full-stacktrace>
              <![CDATA[org.testng.SkipException: Skipping the test deletePortFolioTest as runmode of test was NO
	at com.qtpselenium.framework.util.Utility.validateTestExecution(Utility.java:110)
	at com.qtpselenium.framework.suiteA.PortFolioTest.deletePortFolioTest(PortFolioTest.java:56)
	at sun.reflect.NativeMethodAccessorImpl.invoke0(Native Method)
	at sun.reflect.NativeMethodAccessorImpl.invoke(Unknown Source)
	at sun.reflect.DelegatingMethodAccessorImpl.invoke(Unknown Source)
	at java.lang.reflect.Method.invoke(Unknown Source)
	at org.testng.internal.MethodInvocationHelper.invokeMethod(MethodInvocationHelper.java:84)
	at org.testng.internal.Invoker.invokeMethod(Invoker.java:714)
	at org.testng.internal.Invoker.invokeTestMethod(Invoker.java:901)
	at org.testng.internal.TestMethodWithDataProviderMethodWorker.call(TestMethodWithDataProviderMethodWorker.java:73)
	at org.testng.internal.TestMethodWithDataProviderMethodWorker.call(TestMethodWithDataProviderMethodWorker.java:14)
	at java.util.concurrent.FutureTask.run(Unknown Source)
	at java.util.concurrent.Executors$RunnableAdapter.call(Unknown Source)
	at java.util.concurrent.FutureTask.run(Unknown Source)
	at java.util.concurrent.ThreadPoolExecutor.runWorker(Unknown Source)
	at java.util.concurrent.ThreadPoolExecutor$Worker.run(Unknown Source)
	at java.lang.Thread.run(Unknown Source)
]]>
            </full-stacktrace>
          </exception> <!-- org.testng.SkipException -->
          <reporter-output>
          </reporter-output>
        </test-method> <!-- deletePortFolioTest -->
        <test-method status="SKIP" signature="deletePortFolioTest(java.util.Hashtable)[pri:0, instance:com.qtpselenium.framework.suiteA.PortFolioTest@23223dd8]" name="deletePortFolioTest" duration-ms="80" started-at="2015-03-13T08:49:24Z" data-provider="getDataForSuiteA" finished-at="2015-03-13T08:49:24Z">
          <params>
            <param index="0">
              <value>
                <![CDATA[{PortFolioName=Port20, Runmode=Y, Iteration=2, Browser=Chrome}]]>
              </value>
            </param>
          </params>
          <exception class="org.testng.SkipException">
            <message>
              <![CDATA[Skipping the test deletePortFolioTest as runmode of test was NO]]>
            </message>
            <full-stacktrace>
              <![CDATA[org.testng.SkipException: Skipping the test deletePortFolioTest as runmode of test was NO
	at com.qtpselenium.framework.util.Utility.validateTestExecution(Utility.java:110)
	at com.qtpselenium.framework.suiteA.PortFolioTest.deletePortFolioTest(PortFolioTest.java:56)
	at sun.reflect.NativeMethodAccessorImpl.invoke0(Native Method)
	at sun.reflect.NativeMethodAccessorImpl.invoke(Unknown Source)
	at sun.reflect.DelegatingMethodAccessorImpl.invoke(Unknown Source)
	at java.lang.reflect.Method.invoke(Unknown Source)
	at org.testng.internal.MethodInvocationHelper.invokeMethod(MethodInvocationHelper.java:84)
	at org.testng.internal.Invoker.invokeMethod(Invoker.java:714)
	at org.testng.internal.Invoker.invokeTestMethod(Invoker.java:901)
	at org.testng.internal.TestMethodWithDataProviderMethodWorker.call(TestMethodWithDataProviderMethodWorker.java:73)
	at org.testng.internal.TestMethodWithDataProviderMethodWorker.call(TestMethodWithDataProviderMethodWorker.java:14)
	at java.util.concurrent.FutureTask.run(Unknown Source)
	at java.util.concurrent.Executors$RunnableAdapter.call(Unknown Source)
	at java.util.concurrent.FutureTask.run(Unknown Source)
	at java.util.concurrent.ThreadPoolExecutor.runWorker(Unknown Source)
	at java.util.concurrent.ThreadPoolExecutor$Worker.run(Unknown Source)
	at java.lang.Thread.run(Unknown Source)
]]>
            </full-stacktrace>
          </exception> <!-- org.testng.SkipException -->
          <reporter-output>
          </reporter-output>
        </test-method> <!-- deletePortFolioTest -->
      </class> <!-- com.qtpselenium.framework.suiteA.PortFolioTest -->
    </test> <!-- PortFolio Test -->
  </suite> <!-- Suite A -->
  <suite name="My suite" duration-ms="0" started-at="2015-03-13T03:19:24Z" finished-at="2015-03-13T03:19:24Z">
    <groups>
    </groups>
  </suite> <!-- My suite -->
</testng-results>
