<?xml version="1.0" encoding="UTF-8"?>
<!-- Generated by org.testng.reporters.JUnitXMLReporter -->
<testsuite hostname="ashish-PC" name="Test A1" tests="6" failures="1" timestamp="11 Mar 2015 02:38:51 GMT" time="73.077" errors="0">
  <testcase name="createPortFolioTest" time="0.11" classname="com.qtpselenium.framework.suiteA.PortFolioTest">
    <skipped/>
  </testcase> <!-- createPortFolioTest -->
  <testcase name="createPortFolioTest" time="54.26" classname="com.qtpselenium.framework.suiteA.PortFolioTest"/>
  <testcase name="renamePortFolioTest" time="0.048" classname="com.qtpselenium.framework.suiteA.PortFolioTest">
    <skipped/>
  </testcase> <!-- renamePortFolioTest -->
  <testcase name="renamePortFolioTest" time="15.093" classname="com.qtpselenium.framework.suiteA.PortFolioTest">
    <failure type="org.openqa.selenium.StaleElementReferenceException" message="stale element reference: element is not attached to the page document
  (Session info: chrome=41.0.2272.76)
  (Driver info: chromedriver=2.13.307647 (5a7d0541ebc58e69994a6fb2ed930f45261f3c29),platform=Windows NT 6.1 x86_64) (WARNING: The server did not provide any stacktrace information)
Command duration or timeout: 14.86 seconds
For documentation on this error, please visit: http://seleniumhq.org/exceptions/stale_element_reference.html
Build info: version: &amp;apos;2.44.0&amp;apos;, revision: &amp;apos;76d78cf323ce037c5f92db6c1bba601c2ac43ad8&amp;apos;, time: &amp;apos;2014-10-23 13:11:40&amp;apos;
System info: host: &amp;apos;ashish-PC&amp;apos;, ip: &amp;apos;192.168.1.102&amp;apos;, os.name: &amp;apos;Windows 7&amp;apos;, os.arch: &amp;apos;amd64&amp;apos;, os.version: &amp;apos;6.1&amp;apos;, java.version: &amp;apos;1.8.0_25&amp;apos;
Driver info: org.openqa.selenium.chrome.ChromeDriver
Capabilities [{applicationCacheEnabled=false, rotatable=false, mobileEmulationEnabled=false, chrome={userDataDir=C:\Users\ashish\AppData\Local\Temp\scoped_dir5544_15187}, takesHeapSnapshot=true, databaseEnabled=false, handlesAlerts=true, version=41.0.2272.76, platform=XP, browserConnectionEnabled=false, nativeEvents=true, acceptSslCerts=true, locationContextEnabled=true, webStorageEnabled=true, browserName=chrome, takesScreenshot=true, javascriptEnabled=true, cssSelectorsEnabled=true}]
Session ID: 09b63cc8bef7c46ada589a0071e22f27">
      <![CDATA[org.openqa.selenium.StaleElementReferenceException: stale element reference: element is not attached to the page document
  (Session info: chrome=41.0.2272.76)
  (Driver info: chromedriver=2.13.307647 (5a7d0541ebc58e69994a6fb2ed930f45261f3c29),platform=Windows NT 6.1 x86_64) (WARNING: The server did not provide any stacktrace information)
Command duration or timeout: 14.86 seconds
For documentation on this error, please visit: http://seleniumhq.org/exceptions/stale_element_reference.html
Build info: version: '2.44.0', revision: '76d78cf323ce037c5f92db6c1bba601c2ac43ad8', time: '2014-10-23 13:11:40'
System info: host: 'ashish-PC', ip: '192.168.1.102', os.name: 'Windows 7', os.arch: 'amd64', os.version: '6.1', java.version: '1.8.0_25'
Driver info: org.openqa.selenium.chrome.ChromeDriver
Capabilities [{applicationCacheEnabled=false, rotatable=false, mobileEmulationEnabled=false, chrome={userDataDir=C:\Users\ashish\AppData\Local\Temp\scoped_dir5544_15187}, takesHeapSnapshot=true, databaseEnabled=false, handlesAlerts=true, version=41.0.2272.76, platform=XP, browserConnectionEnabled=false, nativeEvents=true, acceptSslCerts=true, locationContextEnabled=true, webStorageEnabled=true, browserName=chrome, takesScreenshot=true, javascriptEnabled=true, cssSelectorsEnabled=true}]
Session ID: 09b63cc8bef7c46ada589a0071e22f27
	at org.openqa.selenium.remote.ErrorHandler.createThrowable(ErrorHandler.java:204)
	at org.openqa.selenium.remote.ErrorHandler.throwIfResponseFailed(ErrorHandler.java:156)
	at org.openqa.selenium.remote.RemoteWebDriver.execute(RemoteWebDriver.java:599)
	at org.openqa.selenium.remote.RemoteWebElement.execute(RemoteWebElement.java:268)
	at org.openqa.selenium.remote.RemoteWebElement.sendKeys(RemoteWebElement.java:89)
	at com.qtpselenium.framework.util.Keywords.input(Keywords.java:207)
	at com.qtpselenium.framework.util.Keywords.selectPortFolio(Keywords.java:378)
	at com.qtpselenium.framework.util.Keywords.executeKeywords(Keywords.java:113)
	at com.qtpselenium.framework.suiteA.PortFolioTest.renamePortFolioTest(PortFolioTest.java:41)
... Removed 28 stack frames]]>
    </failure>
  </testcase> <!-- renamePortFolioTest -->
  <testcase name="deletePortFolioTest" time="0.041" classname="com.qtpselenium.framework.suiteA.PortFolioTest">
    <skipped/>
  </testcase> <!-- deletePortFolioTest -->
  <testcase name="deletePortFolioTest" time="3.292" classname="com.qtpselenium.framework.suiteA.PortFolioTest"/>
</testsuite> <!-- Test A1 -->
