<?xml version="1.0" encoding="UTF-8"?>
<!-- Generated by org.testng.reporters.JUnitReportReporter -->
<testsuite hostname="ashish-PC" name="com.qtpselenium.framework.suiteB.ModifyPortFolioStockTest" tests="2" failures="2" timestamp="17 Mar 2015 09:37:56 GMT" time="0.190" errors="0">
  <testcase name="modifyPortFolioStockTest" time="0.098" classname="com.qtpselenium.framework.suiteB.ModifyPortFolioStockTest">
    <failure type="org.testng.SkipException" message="Skipping the test modifyPortFolioStockTest as runmode of suite was NO">
      <![CDATA[org.testng.SkipException: Skipping the test modifyPortFolioStockTest as runmode of suite was NO
	at com.qtpselenium.framework.util.Utility.validateTestExecution(Utility.java:106)
	at com.qtpselenium.framework.suiteB.ModifyPortFolioStockTest.modifyPortFolioStockTest(ModifyPortFolioStockTest.java:20)
	at sun.reflect.NativeMethodAccessorImpl.invoke0(Native Method)
	at sun.reflect.NativeMethodAccessorImpl.invoke(NativeMethodAccessorImpl.java:62)
	at sun.reflect.DelegatingMethodAccessorImpl.invoke(DelegatingMethodAccessorImpl.java:43)
	at java.lang.reflect.Method.invoke(Method.java:483)
	at org.testng.internal.MethodInvocationHelper.invokeMethod(MethodInvocationHelper.java:80)
	at org.testng.internal.Invoker.invokeMethod(Invoker.java:673)
	at org.testng.internal.Invoker.invokeTestMethod(Invoker.java:842)
	at org.testng.internal.TestMethodWithDataProviderMethodWorker.call(TestMethodWithDataProviderMethodWorker.java:73)
	at org.testng.internal.TestMethodWithDataProviderMethodWorker.call(TestMethodWithDataProviderMethodWorker.java:14)
	at java.util.concurrent.FutureTask.run(FutureTask.java:266)
	at java.util.concurrent.ThreadPoolExecutor.runWorker(ThreadPoolExecutor.java:1142)
	at java.util.concurrent.ThreadPoolExecutor$Worker.run(ThreadPoolExecutor.java:617)
	at java.lang.Thread.run(Thread.java:745)
]]>
    </failure>
  </testcase>
  <testcase name="modifyPortFolioStockTest" time="0.092" classname="com.qtpselenium.framework.suiteB.ModifyPortFolioStockTest">
    <failure type="org.testng.SkipException" message="Skipping the test modifyPortFolioStockTest as runmode of suite was NO">
      <![CDATA[org.testng.SkipException: Skipping the test modifyPortFolioStockTest as runmode of suite was NO
	at com.qtpselenium.framework.util.Utility.validateTestExecution(Utility.java:106)
	at com.qtpselenium.framework.suiteB.ModifyPortFolioStockTest.modifyPortFolioStockTest(ModifyPortFolioStockTest.java:20)
	at sun.reflect.NativeMethodAccessorImpl.invoke0(Native Method)
	at sun.reflect.NativeMethodAccessorImpl.invoke(NativeMethodAccessorImpl.java:62)
	at sun.reflect.DelegatingMethodAccessorImpl.invoke(DelegatingMethodAccessorImpl.java:43)
	at java.lang.reflect.Method.invoke(Method.java:483)
	at org.testng.internal.MethodInvocationHelper.invokeMethod(MethodInvocationHelper.java:80)
	at org.testng.internal.Invoker.invokeMethod(Invoker.java:673)
	at org.testng.internal.Invoker.invokeTestMethod(Invoker.java:842)
	at org.testng.internal.TestMethodWithDataProviderMethodWorker.call(TestMethodWithDataProviderMethodWorker.java:73)
	at org.testng.internal.TestMethodWithDataProviderMethodWorker.call(TestMethodWithDataProviderMethodWorker.java:14)
	at java.util.concurrent.FutureTask.run(FutureTask.java:266)
	at java.util.concurrent.ThreadPoolExecutor.runWorker(ThreadPoolExecutor.java:1142)
	at java.util.concurrent.ThreadPoolExecutor$Worker.run(ThreadPoolExecutor.java:617)
	at java.lang.Thread.run(Thread.java:745)
]]>
    </failure>
  </testcase>
</testsuite>
