<?xml version="1.0" encoding="UTF-8"?>
<testng-results skipped="2" failed="0" total="3" passed="1">
  <reporter-output>
  </reporter-output>
  <suite name="Default suite" duration-ms="57532" started-at="2015-03-12T02:41:28Z" finished-at="2015-03-12T02:42:26Z">
    <groups>
    </groups>
    <test name="Default test" duration-ms="57532" started-at="2015-03-12T02:41:28Z" finished-at="2015-03-12T02:42:26Z">
      <class name="com.qtpselenium.framework.suiteB.AddPortFolioNewStockTest">
        <test-method status="PASS" signature="addPortFolioNewStockTest(java.util.Hashtable)[pri:0, instance:com.qtpselenium.framework.suiteB.AddPortFolioNewStockTest@d7b1517]" name="addPortFolioNewStockTest" duration-ms="56758" started-at="2015-03-12T08:11:29Z" data-provider="getDataForSuiteB" finished-at="2015-03-12T08:12:26Z">
          <params>
            <param index="0">
              <value>
                <![CDATA[{Date=24/04/2014, Price=100, PortFolioName=Ashish, Runmode=Y, Iteration=1, Quantity=300, StockName=Tata Motors Ltd., Browser=Mozilla}]]>
              </value>
            </param>
          </params>
          <reporter-output>
          </reporter-output>
        </test-method> <!-- addPortFolioNewStockTest -->
        <test-method status="SKIP" signature="addPortFolioNewStockTest(java.util.Hashtable)[pri:0, instance:com.qtpselenium.framework.suiteB.AddPortFolioNewStockTest@d7b1517]" name="addPortFolioNewStockTest" duration-ms="60" started-at="2015-03-12T08:12:26Z" data-provider="getDataForSuiteB" finished-at="2015-03-12T08:12:26Z">
          <params>
            <param index="0">
              <value>
                <![CDATA[{Date=D22, Price=, PortFolioName=, Runmode=N, Iteration=2, Quantity=D23, StockName=D21, Browser=Chrome}]]>
              </value>
            </param>
          </params>
          <exception class="org.testng.SkipException">
            <message>
              <![CDATA[Skipping the test addPortFolioNewStockTest as runmode of data set was NO]]>
            </message>
            <full-stacktrace>
              <![CDATA[org.testng.SkipException: Skipping the test addPortFolioNewStockTest as runmode of data set was NO
	at com.qtpselenium.framework.util.Utility.validateTestExecution(Utility.java:114)
	at com.qtpselenium.framework.suiteB.AddPortFolioNewStockTest.addPortFolioNewStockTest(AddPortFolioNewStockTest.java:23)
	at sun.reflect.NativeMethodAccessorImpl.invoke0(Native Method)
	at sun.reflect.NativeMethodAccessorImpl.invoke(Unknown Source)
	at sun.reflect.DelegatingMethodAccessorImpl.invoke(Unknown Source)
	at java.lang.reflect.Method.invoke(Unknown Source)
	at org.testng.internal.MethodInvocationHelper.invokeMethod(MethodInvocationHelper.java:84)
	at org.testng.internal.Invoker.invokeMethod(Invoker.java:714)
	at org.testng.internal.Invoker.invokeTestMethod(Invoker.java:901)
	at org.testng.internal.Invoker.invokeTestMethods(Invoker.java:1231)
	at org.testng.internal.TestMethodWorker.invokeTestMethods(TestMethodWorker.java:127)
	at org.testng.internal.TestMethodWorker.run(TestMethodWorker.java:111)
	at org.testng.TestRunner.privateRun(TestRunner.java:767)
	at org.testng.TestRunner.run(TestRunner.java:617)
	at org.testng.SuiteRunner.runTest(SuiteRunner.java:334)
	at org.testng.SuiteRunner.runSequentially(SuiteRunner.java:329)
	at org.testng.SuiteRunner.privateRun(SuiteRunner.java:291)
	at org.testng.SuiteRunner.run(SuiteRunner.java:240)
	at org.testng.SuiteRunnerWorker.runSuite(SuiteRunnerWorker.java:52)
	at org.testng.SuiteRunnerWorker.run(SuiteRunnerWorker.java:86)
	at org.testng.TestNG.runSuitesSequentially(TestNG.java:1224)
	at org.testng.TestNG.runSuitesLocally(TestNG.java:1149)
	at org.testng.TestNG.run(TestNG.java:1057)
	at org.testng.remote.RemoteTestNG.run(RemoteTestNG.java:111)
	at org.testng.remote.RemoteTestNG.initAndRun(RemoteTestNG.java:204)
	at org.testng.remote.RemoteTestNG.main(RemoteTestNG.java:175)
]]>
            </full-stacktrace>
          </exception> <!-- org.testng.SkipException -->
          <reporter-output>
          </reporter-output>
        </test-method> <!-- addPortFolioNewStockTest -->
        <test-method status="SKIP" signature="addPortFolioNewStockTest(java.util.Hashtable)[pri:0, instance:com.qtpselenium.framework.suiteB.AddPortFolioNewStockTest@d7b1517]" name="addPortFolioNewStockTest" duration-ms="70" started-at="2015-03-12T08:12:26Z" data-provider="getDataForSuiteB" finished-at="2015-03-12T08:12:26Z">
          <params>
            <param index="0">
              <value>
                <![CDATA[{Date=D32, Price=, PortFolioName=, Runmode=N, Iteration=3, Quantity=D33, StockName=D31, Browser=Chrome}]]>
              </value>
            </param>
          </params>
          <exception class="org.testng.SkipException">
            <message>
              <![CDATA[Skipping the test addPortFolioNewStockTest as runmode of data set was NO]]>
            </message>
            <full-stacktrace>
              <![CDATA[org.testng.SkipException: Skipping the test addPortFolioNewStockTest as runmode of data set was NO
	at com.qtpselenium.framework.util.Utility.validateTestExecution(Utility.java:114)
	at com.qtpselenium.framework.suiteB.AddPortFolioNewStockTest.addPortFolioNewStockTest(AddPortFolioNewStockTest.java:23)
	at sun.reflect.NativeMethodAccessorImpl.invoke0(Native Method)
	at sun.reflect.NativeMethodAccessorImpl.invoke(Unknown Source)
	at sun.reflect.DelegatingMethodAccessorImpl.invoke(Unknown Source)
	at java.lang.reflect.Method.invoke(Unknown Source)
	at org.testng.internal.MethodInvocationHelper.invokeMethod(MethodInvocationHelper.java:84)
	at org.testng.internal.Invoker.invokeMethod(Invoker.java:714)
	at org.testng.internal.Invoker.invokeTestMethod(Invoker.java:901)
	at org.testng.internal.Invoker.invokeTestMethods(Invoker.java:1231)
	at org.testng.internal.TestMethodWorker.invokeTestMethods(TestMethodWorker.java:127)
	at org.testng.internal.TestMethodWorker.run(TestMethodWorker.java:111)
	at org.testng.TestRunner.privateRun(TestRunner.java:767)
	at org.testng.TestRunner.run(TestRunner.java:617)
	at org.testng.SuiteRunner.runTest(SuiteRunner.java:334)
	at org.testng.SuiteRunner.runSequentially(SuiteRunner.java:329)
	at org.testng.SuiteRunner.privateRun(SuiteRunner.java:291)
	at org.testng.SuiteRunner.run(SuiteRunner.java:240)
	at org.testng.SuiteRunnerWorker.runSuite(SuiteRunnerWorker.java:52)
	at org.testng.SuiteRunnerWorker.run(SuiteRunnerWorker.java:86)
	at org.testng.TestNG.runSuitesSequentially(TestNG.java:1224)
	at org.testng.TestNG.runSuitesLocally(TestNG.java:1149)
	at org.testng.TestNG.run(TestNG.java:1057)
	at org.testng.remote.RemoteTestNG.run(RemoteTestNG.java:111)
	at org.testng.remote.RemoteTestNG.initAndRun(RemoteTestNG.java:204)
	at org.testng.remote.RemoteTestNG.main(RemoteTestNG.java:175)
]]>
            </full-stacktrace>
          </exception> <!-- org.testng.SkipException -->
          <reporter-output>
          </reporter-output>
        </test-method> <!-- addPortFolioNewStockTest -->
      </class> <!-- com.qtpselenium.framework.suiteB.AddPortFolioNewStockTest -->
    </test> <!-- Default test -->
  </suite> <!-- Default suite -->
</testng-results>
