<?xml version="1.0" encoding="UTF-8"?>
<testng-results skipped="10" failed="0" total="10" passed="0">
  <reporter-output>
  </reporter-output>
  <suite name="My suite" duration-ms="0" started-at="2015-03-17T15:07:56Z" finished-at="2015-03-17T15:07:56Z">
    <groups>
    </groups>
  </suite>
  <suite name="Suite A" duration-ms="3356" started-at="2015-03-17T15:07:50Z" finished-at="2015-03-17T15:07:53Z">
    <groups>
    </groups>
    <test name="PortFolio Test" duration-ms="3356" started-at="2015-03-17T15:07:50Z" finished-at="2015-03-17T15:07:53Z">
      <class name="com.qtpselenium.framework.suiteA.PortFolioTest">
        <test-method status="SKIP" signature="createPortFolioTest(java.util.Hashtable)" name="createPortFolioTest" duration-ms="112" started-at="2015-03-17T15:07:50Z" finished-at="2015-03-17T15:07:50Z">
          <params>
            <param index="0">
              <value>
                <![CDATA[{Case=CASE_INVALID_NAME, PortFolioName=Port22, Runmode=Y, Iteration=2, Browser=Chrome}]]>
              </value>
            </param>
          </params>
          <exception class="org.testng.SkipException">
            <message>
              <![CDATA[Skipping the test createPortFolioTest as runmode of suite was NO]]>
            </message>
            <full-stacktrace>
              <![CDATA[org.testng.SkipException: Skipping the test createPortFolioTest as runmode of suite was NO
	at com.qtpselenium.framework.util.Utility.validateTestExecution(Utility.java:106)
	at com.qtpselenium.framework.suiteA.PortFolioTest.createPortFolioTest(PortFolioTest.java:22)
	at sun.reflect.NativeMethodAccessorImpl.invoke0(Native Method)
	at sun.reflect.NativeMethodAccessorImpl.invoke(NativeMethodAccessorImpl.java:62)
	at sun.reflect.DelegatingMethodAccessorImpl.invoke(DelegatingMethodAccessorImpl.java:43)
	at java.lang.reflect.Method.invoke(Method.java:483)
	at org.testng.internal.MethodInvocationHelper.invokeMethod(MethodInvocationHelper.java:80)
	at org.testng.internal.Invoker.invokeMethod(Invoker.java:673)
	at org.testng.internal.Invoker.invokeTestMethod(Invoker.java:842)
	at org.testng.internal.TestMethodWithDataProviderMethodWorker.call(TestMethodWithDataProviderMethodWorker.java:73)
	at org.testng.internal.TestMethodWithDataProviderMethodWorker.call(TestMethodWithDataProviderMethodWorker.java:14)
	at java.util.concurrent.FutureTask.run(FutureTask.java:266)
	at java.util.concurrent.ThreadPoolExecutor.runWorker(ThreadPoolExecutor.java:1142)
	at java.util.concurrent.ThreadPoolExecutor$Worker.run(ThreadPoolExecutor.java:617)
	at java.lang.Thread.run(Thread.java:745)
]]>
            </full-stacktrace>
          </exception>
        </test-method>
        <test-method status="SKIP" signature="createPortFolioTest(java.util.Hashtable)" name="createPortFolioTest" duration-ms="128" started-at="2015-03-17T15:07:50Z" finished-at="2015-03-17T15:07:50Z">
          <params>
            <param index="0">
              <value>
                <![CDATA[{Case=CASE DUPLICATE_NAME, PortFolioName=Port11, Runmode=Y, Iteration=1, Browser=Mozilla}]]>
              </value>
            </param>
          </params>
          <exception class="org.testng.SkipException">
            <message>
              <![CDATA[Skipping the test createPortFolioTest as runmode of suite was NO]]>
            </message>
            <full-stacktrace>
              <![CDATA[org.testng.SkipException: Skipping the test createPortFolioTest as runmode of suite was NO
	at com.qtpselenium.framework.util.Utility.validateTestExecution(Utility.java:106)
	at com.qtpselenium.framework.suiteA.PortFolioTest.createPortFolioTest(PortFolioTest.java:22)
	at sun.reflect.NativeMethodAccessorImpl.invoke0(Native Method)
	at sun.reflect.NativeMethodAccessorImpl.invoke(NativeMethodAccessorImpl.java:62)
	at sun.reflect.DelegatingMethodAccessorImpl.invoke(DelegatingMethodAccessorImpl.java:43)
	at java.lang.reflect.Method.invoke(Method.java:483)
	at org.testng.internal.MethodInvocationHelper.invokeMethod(MethodInvocationHelper.java:80)
	at org.testng.internal.Invoker.invokeMethod(Invoker.java:673)
	at org.testng.internal.Invoker.invokeTestMethod(Invoker.java:842)
	at org.testng.internal.TestMethodWithDataProviderMethodWorker.call(TestMethodWithDataProviderMethodWorker.java:73)
	at org.testng.internal.TestMethodWithDataProviderMethodWorker.call(TestMethodWithDataProviderMethodWorker.java:14)
	at java.util.concurrent.FutureTask.run(FutureTask.java:266)
	at java.util.concurrent.ThreadPoolExecutor.runWorker(ThreadPoolExecutor.java:1142)
	at java.util.concurrent.ThreadPoolExecutor$Worker.run(ThreadPoolExecutor.java:617)
	at java.lang.Thread.run(Thread.java:745)
]]>
            </full-stacktrace>
          </exception>
        </test-method>
        <test-method status="SKIP" signature="renamePortFolioTest(java.util.Hashtable)" name="renamePortFolioTest" duration-ms="92" started-at="2015-03-17T15:07:51Z" finished-at="2015-03-17T15:07:51Z">
          <params>
            <param index="0">
              <value>
                <![CDATA[{Case=CASE_OK, PortFolioName=Port22, Runmode=Y, Iteration=2, NewPortFolioName=Port201, Browser=Chrome}]]>
              </value>
            </param>
          </params>
          <exception class="org.testng.SkipException">
            <message>
              <![CDATA[Skipping the test renamePortFolioTest as runmode of suite was NO]]>
            </message>
            <full-stacktrace>
              <![CDATA[org.testng.SkipException: Skipping the test renamePortFolioTest as runmode of suite was NO
	at com.qtpselenium.framework.util.Utility.validateTestExecution(Utility.java:106)
	at com.qtpselenium.framework.suiteA.PortFolioTest.renamePortFolioTest(PortFolioTest.java:39)
	at sun.reflect.NativeMethodAccessorImpl.invoke0(Native Method)
	at sun.reflect.NativeMethodAccessorImpl.invoke(NativeMethodAccessorImpl.java:62)
	at sun.reflect.DelegatingMethodAccessorImpl.invoke(DelegatingMethodAccessorImpl.java:43)
	at java.lang.reflect.Method.invoke(Method.java:483)
	at org.testng.internal.MethodInvocationHelper.invokeMethod(MethodInvocationHelper.java:80)
	at org.testng.internal.Invoker.invokeMethod(Invoker.java:673)
	at org.testng.internal.Invoker.invokeTestMethod(Invoker.java:842)
	at org.testng.internal.TestMethodWithDataProviderMethodWorker.call(TestMethodWithDataProviderMethodWorker.java:73)
	at org.testng.internal.TestMethodWithDataProviderMethodWorker.call(TestMethodWithDataProviderMethodWorker.java:14)
	at java.util.concurrent.FutureTask.run(FutureTask.java:266)
	at java.util.concurrent.ThreadPoolExecutor.runWorker(ThreadPoolExecutor.java:1142)
	at java.util.concurrent.ThreadPoolExecutor$Worker.run(ThreadPoolExecutor.java:617)
	at java.lang.Thread.run(Thread.java:745)
]]>
            </full-stacktrace>
          </exception>
        </test-method>
        <test-method status="SKIP" signature="renamePortFolioTest(java.util.Hashtable)" name="renamePortFolioTest" duration-ms="102" started-at="2015-03-17T15:07:51Z" finished-at="2015-03-17T15:07:51Z">
          <params>
            <param index="0">
              <value>
                <![CDATA[{Case=CASE_OK, PortFolioName=Port11, Runmode=Y, Iteration=1, NewPortFolioName=Port101, Browser=Mozilla}]]>
              </value>
            </param>
          </params>
          <exception class="org.testng.SkipException">
            <message>
              <![CDATA[Skipping the test renamePortFolioTest as runmode of suite was NO]]>
            </message>
            <full-stacktrace>
              <![CDATA[org.testng.SkipException: Skipping the test renamePortFolioTest as runmode of suite was NO
	at com.qtpselenium.framework.util.Utility.validateTestExecution(Utility.java:106)
	at com.qtpselenium.framework.suiteA.PortFolioTest.renamePortFolioTest(PortFolioTest.java:39)
	at sun.reflect.NativeMethodAccessorImpl.invoke0(Native Method)
	at sun.reflect.NativeMethodAccessorImpl.invoke(NativeMethodAccessorImpl.java:62)
	at sun.reflect.DelegatingMethodAccessorImpl.invoke(DelegatingMethodAccessorImpl.java:43)
	at java.lang.reflect.Method.invoke(Method.java:483)
	at org.testng.internal.MethodInvocationHelper.invokeMethod(MethodInvocationHelper.java:80)
	at org.testng.internal.Invoker.invokeMethod(Invoker.java:673)
	at org.testng.internal.Invoker.invokeTestMethod(Invoker.java:842)
	at org.testng.internal.TestMethodWithDataProviderMethodWorker.call(TestMethodWithDataProviderMethodWorker.java:73)
	at org.testng.internal.TestMethodWithDataProviderMethodWorker.call(TestMethodWithDataProviderMethodWorker.java:14)
	at java.util.concurrent.FutureTask.run(FutureTask.java:266)
	at java.util.concurrent.ThreadPoolExecutor.runWorker(ThreadPoolExecutor.java:1142)
	at java.util.concurrent.ThreadPoolExecutor$Worker.run(ThreadPoolExecutor.java:617)
	at java.lang.Thread.run(Thread.java:745)
]]>
            </full-stacktrace>
          </exception>
        </test-method>
        <test-method status="SKIP" signature="deletePortFolioTest(java.util.Hashtable)" name="deletePortFolioTest" duration-ms="97" started-at="2015-03-17T15:07:52Z" finished-at="2015-03-17T15:07:52Z">
          <params>
            <param index="0">
              <value>
                <![CDATA[{PortFolioName=Port101, Runmode=Y, Iteration=1, Browser=Mozilla}]]>
              </value>
            </param>
          </params>
          <exception class="org.testng.SkipException">
            <message>
              <![CDATA[Skipping the test deletePortFolioTest as runmode of suite was NO]]>
            </message>
            <full-stacktrace>
              <![CDATA[org.testng.SkipException: Skipping the test deletePortFolioTest as runmode of suite was NO
	at com.qtpselenium.framework.util.Utility.validateTestExecution(Utility.java:106)
	at com.qtpselenium.framework.suiteA.PortFolioTest.deletePortFolioTest(PortFolioTest.java:56)
	at sun.reflect.NativeMethodAccessorImpl.invoke0(Native Method)
	at sun.reflect.NativeMethodAccessorImpl.invoke(NativeMethodAccessorImpl.java:62)
	at sun.reflect.DelegatingMethodAccessorImpl.invoke(DelegatingMethodAccessorImpl.java:43)
	at java.lang.reflect.Method.invoke(Method.java:483)
	at org.testng.internal.MethodInvocationHelper.invokeMethod(MethodInvocationHelper.java:80)
	at org.testng.internal.Invoker.invokeMethod(Invoker.java:673)
	at org.testng.internal.Invoker.invokeTestMethod(Invoker.java:842)
	at org.testng.internal.TestMethodWithDataProviderMethodWorker.call(TestMethodWithDataProviderMethodWorker.java:73)
	at org.testng.internal.TestMethodWithDataProviderMethodWorker.call(TestMethodWithDataProviderMethodWorker.java:14)
	at java.util.concurrent.FutureTask.run(FutureTask.java:266)
	at java.util.concurrent.ThreadPoolExecutor.runWorker(ThreadPoolExecutor.java:1142)
	at java.util.concurrent.ThreadPoolExecutor$Worker.run(ThreadPoolExecutor.java:617)
	at java.lang.Thread.run(Thread.java:745)
]]>
            </full-stacktrace>
          </exception>
        </test-method>
        <test-method status="SKIP" signature="deletePortFolioTest(java.util.Hashtable)" name="deletePortFolioTest" duration-ms="99" started-at="2015-03-17T15:07:52Z" finished-at="2015-03-17T15:07:52Z">
          <params>
            <param index="0">
              <value>
                <![CDATA[{PortFolioName=Port201, Runmode=Y, Iteration=2, Browser=Chrome}]]>
              </value>
            </param>
          </params>
          <exception class="org.testng.SkipException">
            <message>
              <![CDATA[Skipping the test deletePortFolioTest as runmode of suite was NO]]>
            </message>
            <full-stacktrace>
              <![CDATA[org.testng.SkipException: Skipping the test deletePortFolioTest as runmode of suite was NO
	at com.qtpselenium.framework.util.Utility.validateTestExecution(Utility.java:106)
	at com.qtpselenium.framework.suiteA.PortFolioTest.deletePortFolioTest(PortFolioTest.java:56)
	at sun.reflect.NativeMethodAccessorImpl.invoke0(Native Method)
	at sun.reflect.NativeMethodAccessorImpl.invoke(NativeMethodAccessorImpl.java:62)
	at sun.reflect.DelegatingMethodAccessorImpl.invoke(DelegatingMethodAccessorImpl.java:43)
	at java.lang.reflect.Method.invoke(Method.java:483)
	at org.testng.internal.MethodInvocationHelper.invokeMethod(MethodInvocationHelper.java:80)
	at org.testng.internal.Invoker.invokeMethod(Invoker.java:673)
	at org.testng.internal.Invoker.invokeTestMethod(Invoker.java:842)
	at org.testng.internal.TestMethodWithDataProviderMethodWorker.call(TestMethodWithDataProviderMethodWorker.java:73)
	at org.testng.internal.TestMethodWithDataProviderMethodWorker.call(TestMethodWithDataProviderMethodWorker.java:14)
	at java.util.concurrent.FutureTask.run(FutureTask.java:266)
	at java.util.concurrent.ThreadPoolExecutor.runWorker(ThreadPoolExecutor.java:1142)
	at java.util.concurrent.ThreadPoolExecutor$Worker.run(ThreadPoolExecutor.java:617)
	at java.lang.Thread.run(Thread.java:745)
]]>
            </full-stacktrace>
          </exception>
        </test-method>
      </class>
    </test>
  </suite>
  <suite name="Suite B" duration-ms="2077" started-at="2015-03-17T15:07:53Z" finished-at="2015-03-17T15:07:56Z">
    <groups>
    </groups>
    <test name="Add Portfolio New stock" duration-ms="1037" started-at="2015-03-17T15:07:53Z" finished-at="2015-03-17T15:07:54Z">
      <class name="com.qtpselenium.framework.suiteB.AddPortFolioNewStockTest">
        <test-method status="SKIP" signature="addPortFolioNewStockTest(java.util.Hashtable)" name="addPortFolioNewStockTest" duration-ms="60" started-at="2015-03-17T15:07:53Z" finished-at="2015-03-17T15:07:54Z">
          <params>
            <param index="0">
              <value>
                <![CDATA[{Date=24/04/2014, Price=100, PortFolioName=Ashish, Runmode=Y, Iteration=1, Quantity=300, StockName=Tata Motors Ltd., Browser=Mozilla}]]>
              </value>
            </param>
          </params>
          <exception class="org.testng.SkipException">
            <message>
              <![CDATA[Skipping the test addPortFolioNewStockTest as runmode of suite was NO]]>
            </message>
            <full-stacktrace>
              <![CDATA[org.testng.SkipException: Skipping the test addPortFolioNewStockTest as runmode of suite was NO
	at com.qtpselenium.framework.util.Utility.validateTestExecution(Utility.java:106)
	at com.qtpselenium.framework.suiteB.AddPortFolioNewStockTest.addPortFolioNewStockTest(AddPortFolioNewStockTest.java:20)
	at sun.reflect.NativeMethodAccessorImpl.invoke0(Native Method)
	at sun.reflect.NativeMethodAccessorImpl.invoke(NativeMethodAccessorImpl.java:62)
	at sun.reflect.DelegatingMethodAccessorImpl.invoke(DelegatingMethodAccessorImpl.java:43)
	at java.lang.reflect.Method.invoke(Method.java:483)
	at org.testng.internal.MethodInvocationHelper.invokeMethod(MethodInvocationHelper.java:80)
	at org.testng.internal.Invoker.invokeMethod(Invoker.java:673)
	at org.testng.internal.Invoker.invokeTestMethod(Invoker.java:842)
	at org.testng.internal.TestMethodWithDataProviderMethodWorker.call(TestMethodWithDataProviderMethodWorker.java:73)
	at org.testng.internal.TestMethodWithDataProviderMethodWorker.call(TestMethodWithDataProviderMethodWorker.java:14)
	at java.util.concurrent.FutureTask.run(FutureTask.java:266)
	at java.util.concurrent.ThreadPoolExecutor.runWorker(ThreadPoolExecutor.java:1142)
	at java.util.concurrent.ThreadPoolExecutor$Worker.run(ThreadPoolExecutor.java:617)
	at java.lang.Thread.run(Thread.java:745)
]]>
            </full-stacktrace>
          </exception>
        </test-method>
        <test-method status="SKIP" signature="addPortFolioNewStockTest(java.util.Hashtable)" name="addPortFolioNewStockTest" duration-ms="40" started-at="2015-03-17T15:07:53Z" finished-at="2015-03-17T15:07:54Z">
          <params>
            <param index="0">
              <value>
                <![CDATA[{Date=24/04/2014, Price=100, PortFolioName=Ashish, Runmode=Y, Iteration=2, Quantity=300, StockName=Indian Oil Corporation Ltd., Browser=Chrome}]]>
              </value>
            </param>
          </params>
          <exception class="org.testng.SkipException">
            <message>
              <![CDATA[Skipping the test addPortFolioNewStockTest as runmode of suite was NO]]>
            </message>
            <full-stacktrace>
              <![CDATA[org.testng.SkipException: Skipping the test addPortFolioNewStockTest as runmode of suite was NO
	at com.qtpselenium.framework.util.Utility.validateTestExecution(Utility.java:106)
	at com.qtpselenium.framework.suiteB.AddPortFolioNewStockTest.addPortFolioNewStockTest(AddPortFolioNewStockTest.java:20)
	at sun.reflect.NativeMethodAccessorImpl.invoke0(Native Method)
	at sun.reflect.NativeMethodAccessorImpl.invoke(NativeMethodAccessorImpl.java:62)
	at sun.reflect.DelegatingMethodAccessorImpl.invoke(DelegatingMethodAccessorImpl.java:43)
	at java.lang.reflect.Method.invoke(Method.java:483)
	at org.testng.internal.MethodInvocationHelper.invokeMethod(MethodInvocationHelper.java:80)
	at org.testng.internal.Invoker.invokeMethod(Invoker.java:673)
	at org.testng.internal.Invoker.invokeTestMethod(Invoker.java:842)
	at org.testng.internal.TestMethodWithDataProviderMethodWorker.call(TestMethodWithDataProviderMethodWorker.java:73)
	at org.testng.internal.TestMethodWithDataProviderMethodWorker.call(TestMethodWithDataProviderMethodWorker.java:14)
	at java.util.concurrent.FutureTask.run(FutureTask.java:266)
	at java.util.concurrent.ThreadPoolExecutor.runWorker(ThreadPoolExecutor.java:1142)
	at java.util.concurrent.ThreadPoolExecutor$Worker.run(ThreadPoolExecutor.java:617)
	at java.lang.Thread.run(Thread.java:745)
]]>
            </full-stacktrace>
          </exception>
        </test-method>
      </class>
    </test>
    <test name="Modify Existing Stock" duration-ms="1040" started-at="2015-03-17T15:07:54Z" finished-at="2015-03-17T15:07:56Z">
      <class name="com.qtpselenium.framework.suiteB.ModifyPortFolioStockTest">
        <test-method status="SKIP" signature="modifyPortFolioStockTest(java.util.Hashtable)" name="modifyPortFolioStockTest" duration-ms="98" started-at="2015-03-17T15:07:55Z" finished-at="2015-03-17T15:07:55Z">
          <params>
            <param index="0">
              <value>
                <![CDATA[{Quantity=10, PortFolioName=test, Price=100, Action=Sell, Runmode=Y, Iteration=2, Date=24/04/2014, StockName=ICICI Ltd., Browser=Chrome}]]>
              </value>
            </param>
          </params>
          <exception class="org.testng.SkipException">
            <message>
              <![CDATA[Skipping the test modifyPortFolioStockTest as runmode of suite was NO]]>
            </message>
            <full-stacktrace>
              <![CDATA[org.testng.SkipException: Skipping the test modifyPortFolioStockTest as runmode of suite was NO
	at com.qtpselenium.framework.util.Utility.validateTestExecution(Utility.java:106)
	at com.qtpselenium.framework.suiteB.ModifyPortFolioStockTest.modifyPortFolioStockTest(ModifyPortFolioStockTest.java:20)
	at sun.reflect.NativeMethodAccessorImpl.invoke0(Native Method)
	at sun.reflect.NativeMethodAccessorImpl.invoke(NativeMethodAccessorImpl.java:62)
	at sun.reflect.DelegatingMethodAccessorImpl.invoke(DelegatingMethodAccessorImpl.java:43)
	at java.lang.reflect.Method.invoke(Method.java:483)
	at org.testng.internal.MethodInvocationHelper.invokeMethod(MethodInvocationHelper.java:80)
	at org.testng.internal.Invoker.invokeMethod(Invoker.java:673)
	at org.testng.internal.Invoker.invokeTestMethod(Invoker.java:842)
	at org.testng.internal.TestMethodWithDataProviderMethodWorker.call(TestMethodWithDataProviderMethodWorker.java:73)
	at org.testng.internal.TestMethodWithDataProviderMethodWorker.call(TestMethodWithDataProviderMethodWorker.java:14)
	at java.util.concurrent.FutureTask.run(FutureTask.java:266)
	at java.util.concurrent.ThreadPoolExecutor.runWorker(ThreadPoolExecutor.java:1142)
	at java.util.concurrent.ThreadPoolExecutor$Worker.run(ThreadPoolExecutor.java:617)
	at java.lang.Thread.run(Thread.java:745)
]]>
            </full-stacktrace>
          </exception>
        </test-method>
        <test-method status="SKIP" signature="modifyPortFolioStockTest(java.util.Hashtable)" name="modifyPortFolioStockTest" duration-ms="92" started-at="2015-03-17T15:07:55Z" finished-at="2015-03-17T15:07:55Z">
          <params>
            <param index="0">
              <value>
                <![CDATA[{Quantity=10, PortFolioName=test, Price=110, Action=Sell, Runmode=Y, Iteration=1, Date=24/04/2014, StockName=DLF Ltd., Browser=Mozilla}]]>
              </value>
            </param>
          </params>
          <exception class="org.testng.SkipException">
            <message>
              <![CDATA[Skipping the test modifyPortFolioStockTest as runmode of suite was NO]]>
            </message>
            <full-stacktrace>
              <![CDATA[org.testng.SkipException: Skipping the test modifyPortFolioStockTest as runmode of suite was NO
	at com.qtpselenium.framework.util.Utility.validateTestExecution(Utility.java:106)
	at com.qtpselenium.framework.suiteB.ModifyPortFolioStockTest.modifyPortFolioStockTest(ModifyPortFolioStockTest.java:20)
	at sun.reflect.NativeMethodAccessorImpl.invoke0(Native Method)
	at sun.reflect.NativeMethodAccessorImpl.invoke(NativeMethodAccessorImpl.java:62)
	at sun.reflect.DelegatingMethodAccessorImpl.invoke(DelegatingMethodAccessorImpl.java:43)
	at java.lang.reflect.Method.invoke(Method.java:483)
	at org.testng.internal.MethodInvocationHelper.invokeMethod(MethodInvocationHelper.java:80)
	at org.testng.internal.Invoker.invokeMethod(Invoker.java:673)
	at org.testng.internal.Invoker.invokeTestMethod(Invoker.java:842)
	at org.testng.internal.TestMethodWithDataProviderMethodWorker.call(TestMethodWithDataProviderMethodWorker.java:73)
	at org.testng.internal.TestMethodWithDataProviderMethodWorker.call(TestMethodWithDataProviderMethodWorker.java:14)
	at java.util.concurrent.FutureTask.run(FutureTask.java:266)
	at java.util.concurrent.ThreadPoolExecutor.runWorker(ThreadPoolExecutor.java:1142)
	at java.util.concurrent.ThreadPoolExecutor$Worker.run(ThreadPoolExecutor.java:617)
	at java.lang.Thread.run(Thread.java:745)
]]>
            </full-stacktrace>
          </exception>
        </test-method>
      </class>
    </test>
  </suite>
</testng-results>
